<?xml version="1.0" encoding="UTF-8"?>
<testng-results skipped="0" failed="0" ignored="0" total="2" passed="2">
  <reporter-output>
  </reporter-output>
  <suite name="Suite" duration-ms="43069" started-at="2020-05-18T17:47:55Z" finished-at="2020-05-18T17:48:39Z">
    <groups>
    </groups>
    <test name="Test" duration-ms="43069" started-at="2020-05-18T17:47:55Z" finished-at="2020-05-18T17:48:39Z">
      <class name="com.testcases.orangehrmloginadmintestcase">
        <test-method status="PASS" signature="startUp()[pri:0, instance:com.testcases.orangehrmloginadmintestcase@6b71769e]" name="startUp" is-config="true" duration-ms="39860" started-at="2020-05-18T17:47:55Z" finished-at="2020-05-18T17:48:35Z">
          <reporter-output>
          </reporter-output>
        </test-method> <!-- startUp -->
        <test-method status="PASS" signature="admintab()[pri:0, instance:com.testcases.orangehrmloginadmintestcase@6b71769e]" name="admintab" duration-ms="2578" started-at="2020-05-18T17:48:35Z" finished-at="2020-05-18T17:48:38Z">
          <reporter-output>
          </reporter-output>
        </test-method> <!-- admintab -->
        <test-method status="PASS" signature="close()[pri:0, instance:com.testcases.orangehrmloginadmintestcase@6b71769e]" name="close" is-config="true" duration-ms="613" started-at="2020-05-18T17:48:38Z" finished-at="2020-05-18T17:48:39Z">
          <reporter-output>
          </reporter-output>
        </test-method> <!-- close -->
      </class> <!-- com.testcases.orangehrmloginadmintestcase -->
      <class name="com.testcases.orangehrmlogintestcase">
        <test-method status="PASS" signature="startUp()[pri:0, instance:com.testcases.orangehrmlogintestcase@6bdf28bb]" name="startUp" is-config="true" duration-ms="35976" started-at="2020-05-18T17:47:55Z" finished-at="2020-05-18T17:48:31Z">
          <reporter-output>
          </reporter-output>
        </test-method> <!-- startUp -->
        <test-method status="PASS" signature="login()[pri:0, instance:com.testcases.orangehrmlogintestcase@6bdf28bb]" name="login" duration-ms="1329" started-at="2020-05-18T17:48:31Z" finished-at="2020-05-18T17:48:33Z">
          <reporter-output>
          </reporter-output>
        </test-method> <!-- login -->
        <test-method status="PASS" signature="close()[pri:0, instance:com.testcases.orangehrmlogintestcase@6bdf28bb]" name="close" is-config="true" duration-ms="997" started-at="2020-05-18T17:48:33Z" finished-at="2020-05-18T17:48:34Z">
          <reporter-output>
          </reporter-output>
        </test-method> <!-- close -->
      </class> <!-- com.testcases.orangehrmlogintestcase -->
    </test> <!-- Test -->
  </suite> <!-- Suite -->
</testng-results>
